0 info it worked if it ends with ok
1 verbose cli [ 'C:\\Program Files\\nodejs\\node.exe',
1 verbose cli   'C:\\Program Files\\nodejs\\node_modules\\npm\\bin\\npm-cli.js',
1 verbose cli   'install',
1 verbose cli   '@musaka/node-wechat-api' ]
2 info using npm@3.10.10
3 info using node@v6.11.2
4 silly loadCurrentTree Starting
5 silly install loadCurrentTree
6 silly install readLocalPackageData
7 silly fetchPackageMetaData @musaka/node-wechat-api
8 silly fetchNamedPackageData @musaka/node-wechat-api
9 silly mapToRegistry name @musaka/node-wechat-api
10 silly mapToRegistry scope (from package name) @musaka
11 verbose mapToRegistry no registry URL found in name for scope @musaka
12 silly mapToRegistry using default registry
13 silly mapToRegistry registry https://registry.npmjs.org/
14 silly mapToRegistry data Result {
14 silly mapToRegistry   raw: '@musaka/node-wechat-api',
14 silly mapToRegistry   scope: '@musaka',
14 silly mapToRegistry   escapedName: '@musaka%2fnode-wechat-api',
14 silly mapToRegistry   name: '@musaka/node-wechat-api',
14 silly mapToRegistry   rawSpec: '',
14 silly mapToRegistry   spec: 'latest',
14 silly mapToRegistry   type: 'tag' }
15 silly mapToRegistry uri https://registry.npmjs.org/@musaka%2fnode-wechat-api
16 verbose get https://registry.npmjs.org/@musaka%2fnode-wechat-api not expired, no request
17 silly install normalizeTree
18 silly loadCurrentTree Finishing
19 silly loadIdealTree Starting
20 silly install loadIdealTree
21 silly cloneCurrentTree Starting
22 silly install cloneCurrentTreeToIdealTree
23 silly cloneCurrentTree Finishing
24 silly loadShrinkwrap Starting
25 silly install loadShrinkwrap
26 silly loadShrinkwrap Finishing
27 silly loadAllDepsIntoIdealTree Starting
28 silly install loadAllDepsIntoIdealTree
29 silly resolveWithNewModule @musaka/node-wechat-api@0.2.0 checking installable status
30 silly cache add args [ '@musaka/node-wechat-api', null ]
31 verbose cache add spec @musaka/node-wechat-api
32 silly cache add parsed spec Result {
32 silly cache add   raw: '@musaka/node-wechat-api',
32 silly cache add   scope: '@musaka',
32 silly cache add   escapedName: '@musaka%2fnode-wechat-api',
32 silly cache add   name: '@musaka/node-wechat-api',
32 silly cache add   rawSpec: '',
32 silly cache add   spec: 'latest',
32 silly cache add   type: 'tag' }
33 silly addNamed @musaka/node-wechat-api@latest
34 verbose addNamed "latest" is being treated as a dist-tag for @musaka/node-wechat-api
35 info addNameTag [ '@musaka/node-wechat-api', 'latest' ]
36 silly mapToRegistry name @musaka/node-wechat-api
37 silly mapToRegistry scope (from package name) @musaka
38 verbose mapToRegistry no registry URL found in name for scope @musaka
39 silly mapToRegistry using default registry
40 silly mapToRegistry registry https://registry.npmjs.org/
41 silly mapToRegistry data Result {
41 silly mapToRegistry   raw: '@musaka/node-wechat-api',
41 silly mapToRegistry   scope: '@musaka',
41 silly mapToRegistry   escapedName: '@musaka%2fnode-wechat-api',
41 silly mapToRegistry   name: '@musaka/node-wechat-api',
41 silly mapToRegistry   rawSpec: '',
41 silly mapToRegistry   spec: 'latest',
41 silly mapToRegistry   type: 'tag' }
42 silly mapToRegistry uri https://registry.npmjs.org/@musaka%2fnode-wechat-api
43 verbose addNameTag registry:https://registry.npmjs.org/@musaka%2fnode-wechat-api not in flight; fetching
44 verbose get https://registry.npmjs.org/@musaka%2fnode-wechat-api not expired, no request
45 silly addNameTag next cb for @musaka/node-wechat-api with tag latest
46 silly addNamed @musaka/node-wechat-api@0.2.0
47 verbose addNamed "0.2.0" is a plain semver version for @musaka/node-wechat-api
48 silly cache afterAdd @musaka/node-wechat-api@0.2.0
49 verbose afterAdd C:\Users\GP02A\AppData\Roaming\npm-cache\@musaka\node-wechat-api\0.2.0\package\package.json not in flight; writing
50 verbose correctMkdir C:\Users\GP02A\AppData\Roaming\npm-cache correctMkdir not in flight; initializing
51 verbose afterAdd C:\Users\GP02A\AppData\Roaming\npm-cache\@musaka\node-wechat-api\0.2.0\package\package.json written
52 silly loadAllDepsIntoIdealTree Finishing
53 silly loadIdealTree Finishing
54 silly currentTree mulab@1.0.0
54 silly currentTree +-- @musaka/node-wechat-api
54 silly currentTree +-- accepts@1.3.4
54 silly currentTree +-- ajv@5.5.2
54 silly currentTree +-- array-flatten@1.1.1
54 silly currentTree +-- asn1@0.2.3
54 silly currentTree +-- assert-plus@1.0.0
54 silly currentTree +-- asynckit@0.4.0
54 silly currentTree +-- aws-sign2@0.7.0
54 silly currentTree +-- aws4@1.6.0
54 silly currentTree +-- bcrypt-pbkdf@1.0.1
54 silly currentTree +-- body-parser@1.18.2
54 silly currentTree +-- boom@4.3.1
54 silly currentTree +-- bytes@3.0.0
54 silly currentTree +-- caseless@0.12.0
54 silly currentTree +-- co@4.6.0
54 silly currentTree +-- combined-stream@1.0.5
54 silly currentTree +-- content-disposition@0.5.2
54 silly currentTree +-- content-type@1.0.4
54 silly currentTree +-- cookie-signature@1.0.6
54 silly currentTree +-- cookie@0.3.1
54 silly currentTree +-- core-util-is@1.0.2
54 silly currentTree +-- cryptiles@3.1.2
54 silly currentTree | `-- boom@5.2.0
54 silly currentTree +-- dashdash@1.14.1
54 silly currentTree +-- debug@2.6.9
54 silly currentTree +-- delayed-stream@1.0.0
54 silly currentTree +-- depd@1.1.2
54 silly currentTree +-- destroy@1.0.4
54 silly currentTree +-- ecc-jsbn@0.1.1
54 silly currentTree +-- ee-first@1.1.1
54 silly currentTree +-- ejs@2.5.7
54 silly currentTree +-- encodeurl@1.0.1
54 silly currentTree +-- escape-html@1.0.3
54 silly currentTree +-- etag@1.8.1
54 silly currentTree +-- express@4.16.2
54 silly currentTree +-- extend@3.0.1
54 silly currentTree +-- extsprintf@1.3.0
54 silly currentTree +-- fast-deep-equal@1.0.0
54 silly currentTree +-- fast-json-stable-stringify@2.0.0
54 silly currentTree +-- finalhandler@1.1.0
54 silly currentTree +-- forever-agent@0.6.1
54 silly currentTree +-- form-data@2.3.1
54 silly currentTree +-- forwarded@0.1.2
54 silly currentTree +-- fresh@0.5.2
54 silly currentTree +-- getpass@0.1.7
54 silly currentTree +-- har-schema@2.0.0
54 silly currentTree +-- har-validator@5.0.3
54 silly currentTree +-- hawk@6.0.2
54 silly currentTree +-- hoek@4.2.0
54 silly currentTree +-- http-errors@1.6.2
54 silly currentTree | +-- depd@1.1.1
54 silly currentTree | `-- setprototypeof@1.0.3
54 silly currentTree +-- http-signature@1.2.0
54 silly currentTree +-- iconv-lite@0.4.19
54 silly currentTree +-- inherits@2.0.3
54 silly currentTree +-- ipaddr.js@1.5.2
54 silly currentTree +-- is-typedarray@1.0.0
54 silly currentTree +-- isstream@0.1.2
54 silly currentTree +-- jsbn@0.1.1
54 silly currentTree +-- json-schema-traverse@0.3.1
54 silly currentTree +-- json-schema@0.2.3
54 silly currentTree +-- json-stringify-safe@5.0.1
54 silly currentTree +-- jsprim@1.4.1
54 silly currentTree +-- media-typer@0.3.0
54 silly currentTree +-- merge-descriptors@1.0.1
54 silly currentTree +-- methods@1.1.2
54 silly currentTree +-- mime-db@1.30.0
54 silly currentTree +-- mime-types@2.1.17
54 silly currentTree +-- mime@1.4.1
54 silly currentTree +-- ms@2.0.0
54 silly currentTree +-- negotiator@0.6.1
54 silly currentTree +-- oauth-sign@0.8.2
54 silly currentTree +-- on-finished@2.3.0
54 silly currentTree +-- parseurl@1.3.2
54 silly currentTree +-- path-to-regexp@0.1.7
54 silly currentTree +-- performance-now@2.1.0
54 silly currentTree +-- proxy-addr@2.0.2
54 silly currentTree +-- punycode@1.4.1
54 silly currentTree +-- qs@6.5.1
54 silly currentTree +-- range-parser@1.2.0
54 silly currentTree +-- raw-body@2.3.2
54 silly currentTree +-- request@2.83.0
54 silly currentTree +-- safe-buffer@5.1.1
54 silly currentTree +-- send@0.16.1
54 silly currentTree +-- serve-static@1.13.1
54 silly currentTree +-- setprototypeof@1.1.0
54 silly currentTree +-- sntp@2.1.0
54 silly currentTree +-- sshpk@1.13.1
54 silly currentTree +-- statuses@1.3.1
54 silly currentTree +-- stringstream@0.0.5
54 silly currentTree +-- tough-cookie@2.3.3
54 silly currentTree +-- tunnel-agent@0.6.0
54 silly currentTree +-- tweetnacl@0.14.5
54 silly currentTree +-- type-is@1.6.15
54 silly currentTree +-- unpipe@1.0.0
54 silly currentTree +-- utils-merge@1.0.1
54 silly currentTree +-- uuid@3.1.0
54 silly currentTree +-- vary@1.1.2
54 silly currentTree `-- verror@1.10.0
55 silly idealTree mulab@1.0.0
55 silly idealTree +-- @musaka/node-wechat-api@0.2.0
55 silly idealTree +-- accepts@1.3.4
55 silly idealTree +-- ajv@5.5.2
55 silly idealTree +-- array-flatten@1.1.1
55 silly idealTree +-- asn1@0.2.3
55 silly idealTree +-- assert-plus@1.0.0
55 silly idealTree +-- asynckit@0.4.0
55 silly idealTree +-- aws-sign2@0.7.0
55 silly idealTree +-- aws4@1.6.0
55 silly idealTree +-- bcrypt-pbkdf@1.0.1
55 silly idealTree +-- body-parser@1.18.2
55 silly idealTree +-- boom@4.3.1
55 silly idealTree +-- bytes@3.0.0
55 silly idealTree +-- caseless@0.12.0
55 silly idealTree +-- co@4.6.0
55 silly idealTree +-- combined-stream@1.0.5
55 silly idealTree +-- content-disposition@0.5.2
55 silly idealTree +-- content-type@1.0.4
55 silly idealTree +-- cookie-signature@1.0.6
55 silly idealTree +-- cookie@0.3.1
55 silly idealTree +-- core-util-is@1.0.2
55 silly idealTree +-- cryptiles@3.1.2
55 silly idealTree | `-- boom@5.2.0
55 silly idealTree +-- dashdash@1.14.1
55 silly idealTree +-- debug@2.6.9
55 silly idealTree +-- delayed-stream@1.0.0
55 silly idealTree +-- depd@1.1.2
55 silly idealTree +-- destroy@1.0.4
55 silly idealTree +-- ecc-jsbn@0.1.1
55 silly idealTree +-- ee-first@1.1.1
55 silly idealTree +-- ejs@2.5.7
55 silly idealTree +-- encodeurl@1.0.1
55 silly idealTree +-- escape-html@1.0.3
55 silly idealTree +-- etag@1.8.1
55 silly idealTree +-- express@4.16.2
55 silly idealTree +-- extend@3.0.1
55 silly idealTree +-- extsprintf@1.3.0
55 silly idealTree +-- fast-deep-equal@1.0.0
55 silly idealTree +-- fast-json-stable-stringify@2.0.0
55 silly idealTree +-- finalhandler@1.1.0
55 silly idealTree +-- forever-agent@0.6.1
55 silly idealTree +-- form-data@2.3.1
55 silly idealTree +-- forwarded@0.1.2
55 silly idealTree +-- fresh@0.5.2
55 silly idealTree +-- getpass@0.1.7
55 silly idealTree +-- har-schema@2.0.0
55 silly idealTree +-- har-validator@5.0.3
55 silly idealTree +-- hawk@6.0.2
55 silly idealTree +-- hoek@4.2.0
55 silly idealTree +-- http-errors@1.6.2
55 silly idealTree | +-- depd@1.1.1
55 silly idealTree | `-- setprototypeof@1.0.3
55 silly idealTree +-- http-signature@1.2.0
55 silly idealTree +-- iconv-lite@0.4.19
55 silly idealTree +-- inherits@2.0.3
55 silly idealTree +-- ipaddr.js@1.5.2
55 silly idealTree +-- is-typedarray@1.0.0
55 silly idealTree +-- isstream@0.1.2
55 silly idealTree +-- jsbn@0.1.1
55 silly idealTree +-- json-schema-traverse@0.3.1
55 silly idealTree +-- json-schema@0.2.3
55 silly idealTree +-- json-stringify-safe@5.0.1
55 silly idealTree +-- jsprim@1.4.1
55 silly idealTree +-- media-typer@0.3.0
55 silly idealTree +-- merge-descriptors@1.0.1
55 silly idealTree +-- methods@1.1.2
55 silly idealTree +-- mime-db@1.30.0
55 silly idealTree +-- mime-types@2.1.17
55 silly idealTree +-- mime@1.4.1
55 silly idealTree +-- ms@2.0.0
55 silly idealTree +-- negotiator@0.6.1
55 silly idealTree +-- oauth-sign@0.8.2
55 silly idealTree +-- on-finished@2.3.0
55 silly idealTree +-- parseurl@1.3.2
55 silly idealTree +-- path-to-regexp@0.1.7
55 silly idealTree +-- performance-now@2.1.0
55 silly idealTree +-- proxy-addr@2.0.2
55 silly idealTree +-- punycode@1.4.1
55 silly idealTree +-- qs@6.5.1
55 silly idealTree +-- range-parser@1.2.0
55 silly idealTree +-- raw-body@2.3.2
55 silly idealTree +-- request@2.83.0
55 silly idealTree +-- safe-buffer@5.1.1
55 silly idealTree +-- send@0.16.1
55 silly idealTree +-- serve-static@1.13.1
55 silly idealTree +-- setprototypeof@1.1.0
55 silly idealTree +-- sntp@2.1.0
55 silly idealTree +-- sshpk@1.13.1
55 silly idealTree +-- statuses@1.3.1
55 silly idealTree +-- stringstream@0.0.5
55 silly idealTree +-- tough-cookie@2.3.3
55 silly idealTree +-- tunnel-agent@0.6.0
55 silly idealTree +-- tweetnacl@0.14.5
55 silly idealTree +-- type-is@1.6.15
55 silly idealTree +-- unpipe@1.0.0
55 silly idealTree +-- utils-merge@1.0.1
55 silly idealTree +-- uuid@3.1.0
55 silly idealTree +-- vary@1.1.2
55 silly idealTree `-- verror@1.10.0
56 silly generateActionsToTake Starting
57 silly install generateActionsToTake
58 silly generateActionsToTake Finishing
59 silly diffTrees action count 1
60 silly diffTrees update @musaka/node-wechat-api@0.2.0
61 silly decomposeActions action count 9
62 silly decomposeActions remove @musaka/node-wechat-api@0.2.0
63 silly decomposeActions fetch @musaka/node-wechat-api@0.2.0
64 silly decomposeActions extract @musaka/node-wechat-api@0.2.0
65 silly decomposeActions test @musaka/node-wechat-api@0.2.0
66 silly decomposeActions preinstall @musaka/node-wechat-api@0.2.0
67 silly decomposeActions build @musaka/node-wechat-api@0.2.0
68 silly decomposeActions install @musaka/node-wechat-api@0.2.0
69 silly decomposeActions postinstall @musaka/node-wechat-api@0.2.0
70 silly decomposeActions finalize @musaka/node-wechat-api@0.2.0
71 silly runTopLevelLifecycles Starting
72 silly executeActions Starting
73 silly install executeActions
74 silly doSerial global-install 0
75 silly doParallel fetch 1
76 verbose correctMkdir C:\Users\GP02A\AppData\Roaming\npm-cache\_locks correctMkdir not in flight; initializing
77 verbose lock using C:\Users\GP02A\AppData\Roaming\npm-cache\_locks\staging-7581aa4bba25d2b3.lock for C:\dev\mulab\node_modules\.staging
78 silly doParallel extract 1
79 silly extract @musaka/node-wechat-api@0.2.0
80 verbose unbuild node_modules\.staging\@musaka\node-wechat-api-73d27314
81 silly gentlyRm C:\dev\mulab\node_modules\.staging\@musaka\node-wechat-api-73d27314 is being purged from base C:\dev\mulab
82 verbose gentlyRm don't care about contents; nuking C:\dev\mulab\node_modules\.staging\@musaka\node-wechat-api-73d27314
83 verbose tar unpack C:\Users\GP02A\AppData\Roaming\npm-cache\@musaka\node-wechat-api\0.2.0\package.tgz
84 verbose tar unpacking to C:\dev\mulab\node_modules\.staging\@musaka\node-wechat-api-73d27314
85 silly gentlyRm C:\dev\mulab\node_modules\.staging\@musaka\node-wechat-api-73d27314 is being purged
86 verbose gentlyRm don't care about contents; nuking C:\dev\mulab\node_modules\.staging\@musaka\node-wechat-api-73d27314
87 silly gunzTarPerm modes [ '777', '666' ]
88 silly gunzTarPerm extractEntry package.json
89 silly gunzTarPerm extractEntry README.md
90 silly gunzTarPerm extractEntry LICENSE
91 silly gunzTarPerm extractEntry app.js
92 silly gunzTarPerm extractEntry config.js
93 silly gunzTarPerm extractEntry lib/token.js
94 silly gunzTarPerm extractEntry lib/wxCustomeMenu.js
95 silly gunzTarPerm extractEntry lib/wxjssdk.js
96 silly gunzTarPerm extractEntry token
97 silly gunzTarPerm extractEntry wxjstk
98 silly gentlyRm C:\dev\mulab\node_modules\.staging\@musaka\node-wechat-api-73d27314\node_modules is being purged
99 verbose gentlyRm don't care about contents; nuking C:\dev\mulab\node_modules\.staging\@musaka\node-wechat-api-73d27314\node_modules
100 silly doParallel preinstall 1
101 silly preinstall @musaka/node-wechat-api@0.2.0 C:\dev\mulab\node_modules\.staging\@musaka\node-wechat-api-73d27314
102 info lifecycle @musaka/node-wechat-api@0.2.0~preinstall: @musaka/node-wechat-api@0.2.0
103 silly lifecycle @musaka/node-wechat-api@0.2.0~preinstall: no script for preinstall, continuing
104 silly doReverseSerial remove 1
105 silly remove C:\dev\mulab\node_modules\@musaka\node-wechat-api
106 verbose unbuild node_modules\@musaka\node-wechat-api
107 silly gentlyRm C:\dev\mulab\node_modules\@musaka\node-wechat-api is being purged from base C:\dev\mulab
108 verbose gentlyRm don't care about contents; nuking C:\dev\mulab\node_modules\@musaka\node-wechat-api
109 silly vacuum-fs purging C:\dev\mulab\node_modules\@musaka\node-wechat-api
110 verbose unlock done using C:\Users\GP02A\AppData\Roaming\npm-cache\_locks\staging-7581aa4bba25d2b3.lock for C:\dev\mulab\node_modules\.staging
111 silly rollbackFailedOptional Starting
112 silly rollbackFailedOptional Finishing
113 silly runTopLevelLifecycles Finishing
114 silly install printInstalled
115 verbose stack Error: EPERM: operation not permitted, unlink 'C:\dev\mulab\node_modules\@musaka\node-wechat-api\lib'
115 verbose stack     at Error (native)
116 verbose cwd C:\dev\mulab
117 error Windows_NT 10.0.16299
118 error argv "C:\\Program Files\\nodejs\\node.exe" "C:\\Program Files\\nodejs\\node_modules\\npm\\bin\\npm-cli.js" "install" "@musaka/node-wechat-api"
119 error node v6.11.2
120 error npm  v3.10.10
121 error path C:\dev\mulab\node_modules\@musaka\node-wechat-api\lib
122 error code EPERM
123 error errno -4048
124 error syscall unlink
125 error Error: EPERM: operation not permitted, unlink 'C:\dev\mulab\node_modules\@musaka\node-wechat-api\lib'
125 error     at Error (native)
125 error  { Error: EPERM: operation not permitted, unlink 'C:\dev\mulab\node_modules\@musaka\node-wechat-api\lib'
125 error     at Error (native)
125 error   errno: -4048,
125 error   code: 'EPERM',
125 error   syscall: 'unlink',
125 error   path: 'C:\\dev\\mulab\\node_modules\\@musaka\\node-wechat-api\\lib',
125 error   parent: 'mulab' }
126 error Please try running this command again as root/Administrator.
127 verbose exit [ -4048, true ]
